<?xml version="1.0" encoding="UTF-8"?>
<!-- Generated by org.testng.reporters.JUnitXMLReporter -->
<testsuite ignored="0" hostname="mm-in-Vigneshwar.local" failures="4" tests="4" name="SafariTest" time="17.884" errors="0" timestamp="2022-06-20T20:29:00 IST">
  <testcase classname="finzy.TestClass" name="@AfterTest quitBrowser" time="0.296">
    <failure type="org.openqa.selenium.NoSuchSessionException" message="Build info: version: &amp;apos;4.2.2&amp;apos;, revision: &amp;apos;683ccb65d6&amp;apos;
System info: host: &amp;apos;mm-in-Vigneshwar.local&amp;apos;, ip: &amp;apos;2406:7400:61:a6e2:7c5b:da79:efd9:bc0e%en0&amp;apos;, os.name: &amp;apos;Mac OS X&amp;apos;, os.arch: &amp;apos;x86_64&amp;apos;, os.version: &amp;apos;11.4&amp;apos;, java.version: &amp;apos;17.0.1&amp;apos;
Driver info: org.openqa.selenium.safari.SafariDriver
Command: [2827BE4E-5F7F-4653-B6B6-7903B3AD9FB3, quit {}]
Capabilities {acceptInsecureCerts: false, browserName: Safari, browserVersion: 15.5, platformName: MAC, safari:automaticInspection: false, safari:automaticProfiling: false, safari:diagnose: false, safari:platformBuildVersion: 21F79, safari:platformVersion: 12.4, safari:useSimulator: false, setWindowRect: true, strictFileInteractability: false, webkit:WebRTC: {DisableICECandidateFiltering: false, DisableInsecureMediaCapture: false}}
Session ID: 2827BE4E-5F7F-4653-B6B6-7903B3AD9FB3">
      <![CDATA[org.openqa.selenium.NoSuchSessionException: Build info: version: '4.2.2', revision: '683ccb65d6'
System info: host: 'mm-in-Vigneshwar.local', ip: '2406:7400:61:a6e2:7c5b:da79:efd9:bc0e%en0', os.name: 'Mac OS X', os.arch: 'x86_64', os.version: '11.4', java.version: '17.0.1'
Driver info: org.openqa.selenium.safari.SafariDriver
Command: [2827BE4E-5F7F-4653-B6B6-7903B3AD9FB3, quit {}]
Capabilities {acceptInsecureCerts: false, browserName: Safari, browserVersion: 15.5, platformName: MAC, safari:automaticInspection: false, safari:automaticProfiling: false, safari:diagnose: false, safari:platformBuildVersion: 21F79, safari:platformVersion: 12.4, safari:useSimulator: false, setWindowRect: true, strictFileInteractability: false, webkit:WebRTC: {DisableICECandidateFiltering: false, DisableInsecureMediaCapture: false}}
Session ID: 2827BE4E-5F7F-4653-B6B6-7903B3AD9FB3
at org.openqa.selenium.remote.codec.w3c.W3CHttpResponseCodec.createException(W3CHttpResponseCodec.java:200)
at org.openqa.selenium.remote.codec.w3c.W3CHttpResponseCodec.decode(W3CHttpResponseCodec.java:133)
at org.openqa.selenium.remote.codec.w3c.W3CHttpResponseCodec.decode(W3CHttpResponseCodec.java:53)
at org.openqa.selenium.remote.HttpCommandExecutor.execute(HttpCommandExecutor.java:184)
at org.openqa.selenium.remote.service.DriverCommandExecutor.invokeExecute(DriverCommandExecutor.java:167)
at org.openqa.selenium.remote.service.DriverCommandExecutor.lambda$execute$1(DriverCommandExecutor.java:105)
at java.base/java.util.concurrent.CompletableFuture$AsyncSupply.run(CompletableFuture.java:1768)
at java.base/java.util.concurrent.ThreadPoolExecutor.runWorker(ThreadPoolExecutor.java:1136)
at java.base/java.util.concurrent.ThreadPoolExecutor$Worker.run(ThreadPoolExecutor.java:635)
at java.base/java.lang.Thread.run(Thread.java:833)
... Removed 5 stack frames]]>
    </failure>
  </testcase> <!-- @AfterTest quitBrowser -->
  <testcase classname="finzy.TestClass" name="search" time="5.248">
    <failure type="org.openqa.selenium.WebDriverException" message="Build info: version: &amp;apos;4.2.2&amp;apos;, revision: &amp;apos;683ccb65d6&amp;apos;
System info: host: &amp;apos;mm-in-Vigneshwar.local&amp;apos;, ip: &amp;apos;2406:7400:61:a6e2:7c5b:da79:efd9:bc0e%en0&amp;apos;, os.name: &amp;apos;Mac OS X&amp;apos;, os.arch: &amp;apos;x86_64&amp;apos;, os.version: &amp;apos;11.4&amp;apos;, java.version: &amp;apos;17.0.1&amp;apos;
Driver info: org.openqa.selenium.safari.SafariDriver
Command: [2827BE4E-5F7F-4653-B6B6-7903B3AD9FB3, clickElement {id=node-4D049248-DD5F-4814-82C5-D4C5B2B74224}]
Capabilities {acceptInsecureCerts: false, browserName: Safari, browserVersion: 15.5, platformName: MAC, safari:automaticInspection: false, safari:automaticProfiling: false, safari:diagnose: false, safari:platformBuildVersion: 21F79, safari:platformVersion: 12.4, safari:useSimulator: false, setWindowRect: true, strictFileInteractability: false, webkit:WebRTC: {DisableICECandidateFiltering: false, DisableInsecureMediaCapture: false}}
Element: [[SafariDriver: Safari on MAC (2827BE4E-5F7F-4653-B6B6-7903B3AD9FB3)] -&amp;gt; xpath: //div[@class=&amp;apos;FPdoLc lJ9FBc&amp;apos;]/center/input[@name=&amp;apos;btnK&amp;apos;]]
Session ID: 2827BE4E-5F7F-4653-B6B6-7903B3AD9FB3">
      <![CDATA[org.openqa.selenium.WebDriverException: Build info: version: '4.2.2', revision: '683ccb65d6'
System info: host: 'mm-in-Vigneshwar.local', ip: '2406:7400:61:a6e2:7c5b:da79:efd9:bc0e%en0', os.name: 'Mac OS X', os.arch: 'x86_64', os.version: '11.4', java.version: '17.0.1'
Driver info: org.openqa.selenium.safari.SafariDriver
Command: [2827BE4E-5F7F-4653-B6B6-7903B3AD9FB3, clickElement {id=node-4D049248-DD5F-4814-82C5-D4C5B2B74224}]
Capabilities {acceptInsecureCerts: false, browserName: Safari, browserVersion: 15.5, platformName: MAC, safari:automaticInspection: false, safari:automaticProfiling: false, safari:diagnose: false, safari:platformBuildVersion: 21F79, safari:platformVersion: 12.4, safari:useSimulator: false, setWindowRect: true, strictFileInteractability: false, webkit:WebRTC: {DisableICECandidateFiltering: false, DisableInsecureMediaCapture: false}}
Element: [[SafariDriver: Safari on MAC (2827BE4E-5F7F-4653-B6B6-7903B3AD9FB3)] -> xpath: //div[@class='FPdoLc lJ9FBc']/center/input[@name='btnK']]
Session ID: 2827BE4E-5F7F-4653-B6B6-7903B3AD9FB3
at org.openqa.selenium.remote.codec.w3c.W3CHttpResponseCodec.createException(W3CHttpResponseCodec.java:200)
at org.openqa.selenium.remote.codec.w3c.W3CHttpResponseCodec.decode(W3CHttpResponseCodec.java:133)
at org.openqa.selenium.remote.codec.w3c.W3CHttpResponseCodec.decode(W3CHttpResponseCodec.java:53)
at org.openqa.selenium.remote.HttpCommandExecutor.execute(HttpCommandExecutor.java:184)
at org.openqa.selenium.remote.service.DriverCommandExecutor.invokeExecute(DriverCommandExecutor.java:167)
at org.openqa.selenium.remote.service.DriverCommandExecutor.execute(DriverCommandExecutor.java:142)
at org.openqa.selenium.remote.RemoteWebDriver.execute(RemoteWebDriver.java:588)
at org.openqa.selenium.remote.RemoteWebElement.execute(RemoteWebElement.java:257)
at org.openqa.selenium.remote.RemoteWebElement.click(RemoteWebElement.java:78)
at org.openqa.selenium.support.pagefactory.internal.LocatingElementHandler.invoke(LocatingElementHandler.java:52)
at jdk.proxy2/jdk.proxy2.$Proxy19.click(Unknown Source)
at finzy.BaseClass.searchText(BaseClass.java:44)
at finzy.TestClass.search(TestClass.java:54)
at java.base/java.util.ArrayList.forEach(ArrayList.java:1511)
at java.base/java.util.concurrent.FutureTask.run(FutureTask.java:264)
at java.base/java.util.concurrent.ThreadPoolExecutor.runWorker(ThreadPoolExecutor.java:1136)
at java.base/java.util.concurrent.ThreadPoolExecutor$Worker.run(ThreadPoolExecutor.java:635)
at java.base/java.lang.Thread.run(Thread.java:833)
... Removed 27 stack frames]]>
    </failure>
  </testcase> <!-- search -->
  <testcase classname="finzy.TestClass" name="search" time="1.797">
    <failure type="org.openqa.selenium.WebDriverException" message="Build info: version: &amp;apos;4.2.2&amp;apos;, revision: &amp;apos;683ccb65d6&amp;apos;
System info: host: &amp;apos;mm-in-Vigneshwar.local&amp;apos;, ip: &amp;apos;2406:7400:61:a6e2:7c5b:da79:efd9:bc0e%en0&amp;apos;, os.name: &amp;apos;Mac OS X&amp;apos;, os.arch: &amp;apos;x86_64&amp;apos;, os.version: &amp;apos;11.4&amp;apos;, java.version: &amp;apos;17.0.1&amp;apos;
Driver info: org.openqa.selenium.safari.SafariDriver
Command: [2827BE4E-5F7F-4653-B6B6-7903B3AD9FB3, clickElement {id=node-4D049248-DD5F-4814-82C5-D4C5B2B74224}]
Capabilities {acceptInsecureCerts: false, browserName: Safari, browserVersion: 15.5, platformName: MAC, safari:automaticInspection: false, safari:automaticProfiling: false, safari:diagnose: false, safari:platformBuildVersion: 21F79, safari:platformVersion: 12.4, safari:useSimulator: false, setWindowRect: true, strictFileInteractability: false, webkit:WebRTC: {DisableICECandidateFiltering: false, DisableInsecureMediaCapture: false}}
Element: [[SafariDriver: Safari on MAC (2827BE4E-5F7F-4653-B6B6-7903B3AD9FB3)] -&amp;gt; xpath: //div[@class=&amp;apos;FPdoLc lJ9FBc&amp;apos;]/center/input[@name=&amp;apos;btnK&amp;apos;]]
Session ID: 2827BE4E-5F7F-4653-B6B6-7903B3AD9FB3">
      <![CDATA[org.openqa.selenium.WebDriverException: Build info: version: '4.2.2', revision: '683ccb65d6'
System info: host: 'mm-in-Vigneshwar.local', ip: '2406:7400:61:a6e2:7c5b:da79:efd9:bc0e%en0', os.name: 'Mac OS X', os.arch: 'x86_64', os.version: '11.4', java.version: '17.0.1'
Driver info: org.openqa.selenium.safari.SafariDriver
Command: [2827BE4E-5F7F-4653-B6B6-7903B3AD9FB3, clickElement {id=node-4D049248-DD5F-4814-82C5-D4C5B2B74224}]
Capabilities {acceptInsecureCerts: false, browserName: Safari, browserVersion: 15.5, platformName: MAC, safari:automaticInspection: false, safari:automaticProfiling: false, safari:diagnose: false, safari:platformBuildVersion: 21F79, safari:platformVersion: 12.4, safari:useSimulator: false, setWindowRect: true, strictFileInteractability: false, webkit:WebRTC: {DisableICECandidateFiltering: false, DisableInsecureMediaCapture: false}}
Element: [[SafariDriver: Safari on MAC (2827BE4E-5F7F-4653-B6B6-7903B3AD9FB3)] -> xpath: //div[@class='FPdoLc lJ9FBc']/center/input[@name='btnK']]
Session ID: 2827BE4E-5F7F-4653-B6B6-7903B3AD9FB3
at org.openqa.selenium.remote.codec.w3c.W3CHttpResponseCodec.createException(W3CHttpResponseCodec.java:200)
at org.openqa.selenium.remote.codec.w3c.W3CHttpResponseCodec.decode(W3CHttpResponseCodec.java:133)
at org.openqa.selenium.remote.codec.w3c.W3CHttpResponseCodec.decode(W3CHttpResponseCodec.java:53)
at org.openqa.selenium.remote.HttpCommandExecutor.execute(HttpCommandExecutor.java:184)
at org.openqa.selenium.remote.service.DriverCommandExecutor.invokeExecute(DriverCommandExecutor.java:167)
at org.openqa.selenium.remote.service.DriverCommandExecutor.execute(DriverCommandExecutor.java:142)
at org.openqa.selenium.remote.RemoteWebDriver.execute(RemoteWebDriver.java:588)
at org.openqa.selenium.remote.RemoteWebElement.execute(RemoteWebElement.java:257)
at org.openqa.selenium.remote.RemoteWebElement.click(RemoteWebElement.java:78)
at org.openqa.selenium.support.pagefactory.internal.LocatingElementHandler.invoke(LocatingElementHandler.java:52)
at jdk.proxy2/jdk.proxy2.$Proxy19.click(Unknown Source)
at finzy.BaseClass.searchText(BaseClass.java:44)
at finzy.TestClass.search(TestClass.java:54)
at java.base/java.util.ArrayList.forEach(ArrayList.java:1511)
at java.base/java.util.concurrent.FutureTask.run(FutureTask.java:264)
at java.base/java.util.concurrent.ThreadPoolExecutor.runWorker(ThreadPoolExecutor.java:1136)
at java.base/java.util.concurrent.ThreadPoolExecutor$Worker.run(ThreadPoolExecutor.java:635)
at java.base/java.lang.Thread.run(Thread.java:833)
... Removed 27 stack frames]]>
    </failure>
  </testcase> <!-- search -->
  <testcase classname="finzy.TestClass" name="search" time="0.358">
    <failure type="org.openqa.selenium.WebDriverException" message="Build info: version: &amp;apos;4.2.2&amp;apos;, revision: &amp;apos;683ccb65d6&amp;apos;
System info: host: &amp;apos;mm-in-Vigneshwar.local&amp;apos;, ip: &amp;apos;2406:7400:61:a6e2:7c5b:da79:efd9:bc0e%en0&amp;apos;, os.name: &amp;apos;Mac OS X&amp;apos;, os.arch: &amp;apos;x86_64&amp;apos;, os.version: &amp;apos;11.4&amp;apos;, java.version: &amp;apos;17.0.1&amp;apos;
Driver info: org.openqa.selenium.safari.SafariDriver
Command: [2827BE4E-5F7F-4653-B6B6-7903B3AD9FB3, clickElement {id=node-4D049248-DD5F-4814-82C5-D4C5B2B74224}]
Capabilities {acceptInsecureCerts: false, browserName: Safari, browserVersion: 15.5, platformName: MAC, safari:automaticInspection: false, safari:automaticProfiling: false, safari:diagnose: false, safari:platformBuildVersion: 21F79, safari:platformVersion: 12.4, safari:useSimulator: false, setWindowRect: true, strictFileInteractability: false, webkit:WebRTC: {DisableICECandidateFiltering: false, DisableInsecureMediaCapture: false}}
Element: [[SafariDriver: Safari on MAC (2827BE4E-5F7F-4653-B6B6-7903B3AD9FB3)] -&amp;gt; xpath: //div[@class=&amp;apos;FPdoLc lJ9FBc&amp;apos;]/center/input[@name=&amp;apos;btnK&amp;apos;]]
Session ID: 2827BE4E-5F7F-4653-B6B6-7903B3AD9FB3">
      <![CDATA[org.openqa.selenium.WebDriverException: Build info: version: '4.2.2', revision: '683ccb65d6'
System info: host: 'mm-in-Vigneshwar.local', ip: '2406:7400:61:a6e2:7c5b:da79:efd9:bc0e%en0', os.name: 'Mac OS X', os.arch: 'x86_64', os.version: '11.4', java.version: '17.0.1'
Driver info: org.openqa.selenium.safari.SafariDriver
Command: [2827BE4E-5F7F-4653-B6B6-7903B3AD9FB3, clickElement {id=node-4D049248-DD5F-4814-82C5-D4C5B2B74224}]
Capabilities {acceptInsecureCerts: false, browserName: Safari, browserVersion: 15.5, platformName: MAC, safari:automaticInspection: false, safari:automaticProfiling: false, safari:diagnose: false, safari:platformBuildVersion: 21F79, safari:platformVersion: 12.4, safari:useSimulator: false, setWindowRect: true, strictFileInteractability: false, webkit:WebRTC: {DisableICECandidateFiltering: false, DisableInsecureMediaCapture: false}}
Element: [[SafariDriver: Safari on MAC (2827BE4E-5F7F-4653-B6B6-7903B3AD9FB3)] -> xpath: //div[@class='FPdoLc lJ9FBc']/center/input[@name='btnK']]
Session ID: 2827BE4E-5F7F-4653-B6B6-7903B3AD9FB3
at org.openqa.selenium.remote.codec.w3c.W3CHttpResponseCodec.createException(W3CHttpResponseCodec.java:200)
at org.openqa.selenium.remote.codec.w3c.W3CHttpResponseCodec.decode(W3CHttpResponseCodec.java:133)
at org.openqa.selenium.remote.codec.w3c.W3CHttpResponseCodec.decode(W3CHttpResponseCodec.java:53)
at org.openqa.selenium.remote.HttpCommandExecutor.execute(HttpCommandExecutor.java:184)
at org.openqa.selenium.remote.service.DriverCommandExecutor.invokeExecute(DriverCommandExecutor.java:167)
at org.openqa.selenium.remote.service.DriverCommandExecutor.execute(DriverCommandExecutor.java:142)
at org.openqa.selenium.remote.RemoteWebDriver.execute(RemoteWebDriver.java:588)
at org.openqa.selenium.remote.RemoteWebElement.execute(RemoteWebElement.java:257)
at org.openqa.selenium.remote.RemoteWebElement.click(RemoteWebElement.java:78)
at org.openqa.selenium.support.pagefactory.internal.LocatingElementHandler.invoke(LocatingElementHandler.java:52)
at jdk.proxy2/jdk.proxy2.$Proxy19.click(Unknown Source)
at finzy.BaseClass.searchText(BaseClass.java:44)
at finzy.TestClass.search(TestClass.java:54)
at java.base/java.util.ArrayList.forEach(ArrayList.java:1511)
at java.base/java.util.concurrent.FutureTask.run(FutureTask.java:264)
at java.base/java.util.concurrent.ThreadPoolExecutor.runWorker(ThreadPoolExecutor.java:1136)
at java.base/java.util.concurrent.ThreadPoolExecutor$Worker.run(ThreadPoolExecutor.java:635)
at java.base/java.lang.Thread.run(Thread.java:833)
... Removed 27 stack frames]]>
    </failure>
  </testcase> <!-- search -->
  <testcase classname="finzy.TestClass" name="search" time="0.489">
    <failure type="org.openqa.selenium.WebDriverException" message="Build info: version: &amp;apos;4.2.2&amp;apos;, revision: &amp;apos;683ccb65d6&amp;apos;
System info: host: &amp;apos;mm-in-Vigneshwar.local&amp;apos;, ip: &amp;apos;2406:7400:61:a6e2:7c5b:da79:efd9:bc0e%en0&amp;apos;, os.name: &amp;apos;Mac OS X&amp;apos;, os.arch: &amp;apos;x86_64&amp;apos;, os.version: &amp;apos;11.4&amp;apos;, java.version: &amp;apos;17.0.1&amp;apos;
Driver info: org.openqa.selenium.safari.SafariDriver
Command: [2827BE4E-5F7F-4653-B6B6-7903B3AD9FB3, clickElement {id=node-4D049248-DD5F-4814-82C5-D4C5B2B74224}]
Capabilities {acceptInsecureCerts: false, browserName: Safari, browserVersion: 15.5, platformName: MAC, safari:automaticInspection: false, safari:automaticProfiling: false, safari:diagnose: false, safari:platformBuildVersion: 21F79, safari:platformVersion: 12.4, safari:useSimulator: false, setWindowRect: true, strictFileInteractability: false, webkit:WebRTC: {DisableICECandidateFiltering: false, DisableInsecureMediaCapture: false}}
Element: [[SafariDriver: Safari on MAC (2827BE4E-5F7F-4653-B6B6-7903B3AD9FB3)] -&amp;gt; xpath: //div[@class=&amp;apos;FPdoLc lJ9FBc&amp;apos;]/center/input[@name=&amp;apos;btnK&amp;apos;]]
Session ID: 2827BE4E-5F7F-4653-B6B6-7903B3AD9FB3">
      <![CDATA[org.openqa.selenium.WebDriverException: Build info: version: '4.2.2', revision: '683ccb65d6'
System info: host: 'mm-in-Vigneshwar.local', ip: '2406:7400:61:a6e2:7c5b:da79:efd9:bc0e%en0', os.name: 'Mac OS X', os.arch: 'x86_64', os.version: '11.4', java.version: '17.0.1'
Driver info: org.openqa.selenium.safari.SafariDriver
Command: [2827BE4E-5F7F-4653-B6B6-7903B3AD9FB3, clickElement {id=node-4D049248-DD5F-4814-82C5-D4C5B2B74224}]
Capabilities {acceptInsecureCerts: false, browserName: Safari, browserVersion: 15.5, platformName: MAC, safari:automaticInspection: false, safari:automaticProfiling: false, safari:diagnose: false, safari:platformBuildVersion: 21F79, safari:platformVersion: 12.4, safari:useSimulator: false, setWindowRect: true, strictFileInteractability: false, webkit:WebRTC: {DisableICECandidateFiltering: false, DisableInsecureMediaCapture: false}}
Element: [[SafariDriver: Safari on MAC (2827BE4E-5F7F-4653-B6B6-7903B3AD9FB3)] -> xpath: //div[@class='FPdoLc lJ9FBc']/center/input[@name='btnK']]
Session ID: 2827BE4E-5F7F-4653-B6B6-7903B3AD9FB3
at org.openqa.selenium.remote.codec.w3c.W3CHttpResponseCodec.createException(W3CHttpResponseCodec.java:200)
at org.openqa.selenium.remote.codec.w3c.W3CHttpResponseCodec.decode(W3CHttpResponseCodec.java:133)
at org.openqa.selenium.remote.codec.w3c.W3CHttpResponseCodec.decode(W3CHttpResponseCodec.java:53)
at org.openqa.selenium.remote.HttpCommandExecutor.execute(HttpCommandExecutor.java:184)
at org.openqa.selenium.remote.service.DriverCommandExecutor.invokeExecute(DriverCommandExecutor.java:167)
at org.openqa.selenium.remote.service.DriverCommandExecutor.execute(DriverCommandExecutor.java:142)
at org.openqa.selenium.remote.RemoteWebDriver.execute(RemoteWebDriver.java:588)
at org.openqa.selenium.remote.RemoteWebElement.execute(RemoteWebElement.java:257)
at org.openqa.selenium.remote.RemoteWebElement.click(RemoteWebElement.java:78)
at org.openqa.selenium.support.pagefactory.internal.LocatingElementHandler.invoke(LocatingElementHandler.java:52)
at jdk.proxy2/jdk.proxy2.$Proxy19.click(Unknown Source)
at finzy.BaseClass.searchText(BaseClass.java:44)
at finzy.TestClass.search(TestClass.java:54)
at java.base/java.util.ArrayList.forEach(ArrayList.java:1511)
at java.base/java.util.concurrent.FutureTask.run(FutureTask.java:264)
at java.base/java.util.concurrent.ThreadPoolExecutor.runWorker(ThreadPoolExecutor.java:1136)
at java.base/java.util.concurrent.ThreadPoolExecutor$Worker.run(ThreadPoolExecutor.java:635)
at java.base/java.lang.Thread.run(Thread.java:833)
... Removed 27 stack frames]]>
    </failure>
  </testcase> <!-- search -->
</testsuite> <!-- SafariTest -->
