<?xml version="1.0" encoding="UTF-8"?>
<!-- Generated by org.testng.reporters.JUnitXMLReporter -->
<testsuite ignored="0" hostname="mm-in-Vigneshwar.local" failures="0" tests="4" name="Test" time="9.131" errors="0" timestamp="2022-06-20T20:27:02 IST">
  <testcase classname="finzy.TestClass" name="@BeforeTest openBrowser" time="9.045">
    <failure type="org.openqa.selenium.WebDriverException" message="[Exception... &amp;quot;Failure&amp;quot;  nsresult: &amp;quot;0x80004005 (NS_ERROR_FAILURE)&amp;quot;  location: &amp;quot;JS frame :: chrome://remote/content/marionette/browser.js :: get rect :: line 146&amp;quot;  data: no]
Build info: version: &amp;apos;4.2.2&amp;apos;, revision: &amp;apos;683ccb65d6&amp;apos;
System info: host: &amp;apos;mm-in-Vigneshwar.local&amp;apos;, ip: &amp;apos;2406:7400:61:a6e2:7c5b:da79:efd9:bc0e%en0&amp;apos;, os.name: &amp;apos;Mac OS X&amp;apos;, os.arch: &amp;apos;x86_64&amp;apos;, os.version: &amp;apos;11.4&amp;apos;, java.version: &amp;apos;17.0.1&amp;apos;
Driver info: org.openqa.selenium.firefox.FirefoxDriver
Command: [be3001eb-cdaa-4002-bf5b-ea2fbef0f2e2, maximizeCurrentWindow {}]
Capabilities {acceptInsecureCerts: true, browserName: firefox, browserVersion: 101.0.1, moz:accessibilityChecks: false, moz:buildID: 20220608170832, moz:debuggerAddress: localhost:57096, moz:geckodriverVersion: 0.31.0, moz:headless: false, moz:processID: 60752, moz:profile: /var/folders/s3/204n8z8567z..., moz:shutdownTimeout: 60000, moz:useNonSpecCompliantPointerOrigin: false, moz:webdriverClick: true, pageLoadStrategy: normal, platformName: MAC, platformVersion: 21.5.0, proxy: Proxy(), se:cdp: ws://localhost:57096/devtoo..., se:cdpVersion: 85.0, setWindowRect: true, strictFileInteractability: false, timeouts: {implicit: 0, pageLoad: 300000, script: 30000}, unhandledPromptBehavior: dismiss and notify}
Session ID: be3001eb-cdaa-4002-bf5b-ea2fbef0f2e2">
      <![CDATA[org.openqa.selenium.WebDriverException: [Exception... "Failure"  nsresult: "0x80004005 (NS_ERROR_FAILURE)"  location: "JS frame :: chrome://remote/content/marionette/browser.js :: get rect :: line 146"  data: no]
Build info: version: '4.2.2', revision: '683ccb65d6'
System info: host: 'mm-in-Vigneshwar.local', ip: '2406:7400:61:a6e2:7c5b:da79:efd9:bc0e%en0', os.name: 'Mac OS X', os.arch: 'x86_64', os.version: '11.4', java.version: '17.0.1'
Driver info: org.openqa.selenium.firefox.FirefoxDriver
Command: [be3001eb-cdaa-4002-bf5b-ea2fbef0f2e2, maximizeCurrentWindow {}]
Capabilities {acceptInsecureCerts: true, browserName: firefox, browserVersion: 101.0.1, moz:accessibilityChecks: false, moz:buildID: 20220608170832, moz:debuggerAddress: localhost:57096, moz:geckodriverVersion: 0.31.0, moz:headless: false, moz:processID: 60752, moz:profile: /var/folders/s3/204n8z8567z..., moz:shutdownTimeout: 60000, moz:useNonSpecCompliantPointerOrigin: false, moz:webdriverClick: true, pageLoadStrategy: normal, platformName: MAC, platformVersion: 21.5.0, proxy: Proxy(), se:cdp: ws://localhost:57096/devtoo..., se:cdpVersion: 85.0, setWindowRect: true, strictFileInteractability: false, timeouts: {implicit: 0, pageLoad: 300000, script: 30000}, unhandledPromptBehavior: dismiss and notify}
Session ID: be3001eb-cdaa-4002-bf5b-ea2fbef0f2e2
at org.openqa.selenium.remote.codec.w3c.W3CHttpResponseCodec.createException(W3CHttpResponseCodec.java:200)
at org.openqa.selenium.remote.codec.w3c.W3CHttpResponseCodec.decode(W3CHttpResponseCodec.java:133)
at org.openqa.selenium.remote.codec.w3c.W3CHttpResponseCodec.decode(W3CHttpResponseCodec.java:53)
at org.openqa.selenium.remote.HttpCommandExecutor.execute(HttpCommandExecutor.java:184)
at org.openqa.selenium.remote.service.DriverCommandExecutor.invokeExecute(DriverCommandExecutor.java:167)
at org.openqa.selenium.remote.service.DriverCommandExecutor.execute(DriverCommandExecutor.java:142)
at org.openqa.selenium.remote.RemoteWebDriver.execute(RemoteWebDriver.java:588)
at org.openqa.selenium.remote.RemoteWebDriver.execute(RemoteWebDriver.java:643)
at org.openqa.selenium.remote.RemoteWebDriver.execute(RemoteWebDriver.java:647)
at org.openqa.selenium.remote.RemoteWebDriver$RemoteWebDriverOptions$RemoteWindow.maximize(RemoteWebDriver.java:1017)
at finzy.TestClass.openBrowser(TestClass.java:46)
... Removed 29 stack frames]]>
    </failure>
  </testcase> <!-- @BeforeTest openBrowser -->
  <testcase classname="finzy.TestClass" name="@AfterTest quitBrowser" time="-1.655737022292E9">
    <skipped/>
  </testcase> <!-- @AfterTest quitBrowser -->
  <testcase classname="finzy.TestClass" name="search" time="0.0">
    <skipped/>
  </testcase> <!-- search -->
  <testcase classname="finzy.TestClass" name="search" time="0.0">
    <skipped/>
  </testcase> <!-- search -->
  <testcase classname="finzy.TestClass" name="search" time="0.0">
    <skipped/>
  </testcase> <!-- search -->
  <testcase classname="finzy.TestClass" name="search" time="0.0">
    <skipped/>
  </testcase> <!-- search -->
</testsuite> <!-- Test -->
